{"C:\\Users\\manar\\MessagesApp\\Frontend\\src\\app\\index.js": {"path":"C:\\Users\\manar\\MessagesApp\\Frontend\\src\\app\\index.js","statementMap":{"0":{"start":{"line":8,"column":12},"end":{"line":19,"column":1}},"1":{"start":{"line":9,"column":4},"end":{"line":18,"column":11}}},"fnMap":{"0":{"name":"(anonymous_0)","decl":{"start":{"line":8,"column":12},"end":{"line":8,"column":13}},"loc":{"start":{"line":9,"column":4},"end":{"line":18,"column":11}},"line":9}},"branchMap":{},"s":{"0":1,"1":1},"f":{"0":1},"b":{},"_coverageSchema":"1a1c01bbd47fc00a2c39e90264f33305004495a9","hash":"279d7ff654c332aff5b3f0dedb63b43a182f6333"}
,"C:\\Users\\manar\\MessagesApp\\Frontend\\src\\components\\AddMessage\\index.js": {"path":"C:\\Users\\manar\\MessagesApp\\Frontend\\src\\components\\AddMessage\\index.js","statementMap":{"0":{"start":{"line":13,"column":19},"end":{"line":61,"column":9}},"1":{"start":{"line":14,"column":23},"end":{"line":14,"column":31}},"2":{"start":{"line":15,"column":23},"end":{"line":15,"column":31}},"3":{"start":{"line":16,"column":40},"end":{"line":16,"column":56}},"4":{"start":{"line":17,"column":26},"end":{"line":17,"column":54}},"5":{"start":{"line":18,"column":19},"end":{"line":18,"column":37}},"6":{"start":{"line":19,"column":65},"end":{"line":29,"column":25}},"7":{"start":{"line":30,"column":4},"end":{"line":59,"column":6}},"8":{"start":{"line":37,"column":41},"end":{"line":37,"column":89}},"9":{"start":{"line":43,"column":103},"end":{"line":43,"column":147}},"10":{"start":{"line":44,"column":24},"end":{"line":44,"column":51}}},"fnMap":{"0":{"name":"(anonymous_0)","decl":{"start":{"line":13,"column":19},"end":{"line":13,"column":20}},"loc":{"start":{"line":13,"column":104},"end":{"line":61,"column":9}},"line":13},"1":{"name":"(anonymous_1)","decl":{"start":{"line":37,"column":31},"end":{"line":37,"column":32}},"loc":{"start":{"line":37,"column":40},"end":{"line":37,"column":91}},"line":37},"2":{"name":"(anonymous_2)","decl":{"start":{"line":43,"column":95},"end":{"line":43,"column":96}},"loc":{"start":{"line":43,"column":101},"end":{"line":45,"column":25}},"line":43}},"branchMap":{"0":{"loc":{"start":{"line":23,"column":23},"end":{"line":23,"column":79}},"type":"binary-expr","locations":[{"start":{"line":23,"column":23},"end":{"line":23,"column":29}},{"start":{"line":23,"column":33},"end":{"line":23,"column":52}},{"start":{"line":23,"column":56},"end":{"line":23,"column":79}}],"line":23},"1":{"loc":{"start":{"line":24,"column":17},"end":{"line":24,"column":51}},"type":"binary-expr","locations":[{"start":{"line":24,"column":17},"end":{"line":24,"column":30}},{"start":{"line":24,"column":34},"end":{"line":24,"column":51}}],"line":24},"2":{"loc":{"start":{"line":37,"column":41},"end":{"line":37,"column":89}},"type":"cond-expr","locations":[{"start":{"line":37,"column":64},"end":{"line":37,"column":77}},{"start":{"line":37,"column":80},"end":{"line":37,"column":89}}],"line":37},"3":{"loc":{"start":{"line":39,"column":93},"end":{"line":39,"column":126}},"type":"cond-expr","locations":[{"start":{"line":39,"column":106},"end":{"line":39,"column":121}},{"start":{"line":39,"column":124},"end":{"line":39,"column":126}}],"line":39},"4":{"loc":{"start":{"line":40,"column":35},"end":{"line":40,"column":66}},"type":"cond-expr","locations":[{"start":{"line":40,"column":45},"end":{"line":40,"column":57}},{"start":{"line":40,"column":60},"end":{"line":40,"column":66}}],"line":40},"5":{"loc":{"start":{"line":40,"column":99},"end":{"line":40,"column":154}},"type":"binary-expr","locations":[{"start":{"line":40,"column":99},"end":{"line":40,"column":106}},{"start":{"line":40,"column":110},"end":{"line":40,"column":116}},{"start":{"line":40,"column":120},"end":{"line":40,"column":130}},{"start":{"line":40,"column":134},"end":{"line":40,"column":154}}],"line":40},"6":{"loc":{"start":{"line":43,"column":103},"end":{"line":43,"column":146}},"type":"binary-expr","locations":[{"start":{"line":43,"column":103},"end":{"line":43,"column":113}},{"start":{"line":43,"column":118},"end":{"line":43,"column":146}}],"line":43},"7":{"loc":{"start":{"line":47,"column":25},"end":{"line":55,"column":21}},"type":"binary-expr","locations":[{"start":{"line":47,"column":25},"end":{"line":47,"column":35}},{"start":{"line":48,"column":24},"end":{"line":54,"column":31}}],"line":47},"8":{"loc":{"start":{"line":50,"column":24},"end":{"line":53,"column":24}},"type":"binary-expr","locations":[{"start":{"line":50,"column":24},"end":{"line":50,"column":43}},{"start":{"line":50,"column":49},"end":{"line":52,"column":30}}],"line":50}},"s":{"0":8,"1":10,"2":10,"3":10,"4":10,"5":10,"6":10,"7":10,"8":1,"9":0,"10":0},"f":{"0":10,"1":1,"2":0},"b":{"0":[10,10,0],"1":[10,0],"2":[1,0],"3":[0,10],"4":[0,10],"5":[10,10,0,0],"6":[0,0],"7":[10,0],"8":[0,0]},"_coverageSchema":"1a1c01bbd47fc00a2c39e90264f33305004495a9","hash":"cf5557465b600ac5f2900a180aab6f33e04dba48"}
,"C:\\Users\\manar\\MessagesApp\\Frontend\\src\\components\\AuthMenu\\index.js": {"path":"C:\\Users\\manar\\MessagesApp\\Frontend\\src\\components\\AuthMenu\\index.js","statementMap":{"0":{"start":{"line":9,"column":17},"end":{"line":29,"column":1}},"1":{"start":{"line":10,"column":22},"end":{"line":10,"column":27}},"2":{"start":{"line":11,"column":21},"end":{"line":11,"column":32}},"3":{"start":{"line":12,"column":38},"end":{"line":12,"column":66}},"4":{"start":{"line":13,"column":2},"end":{"line":16,"column":7}},"5":{"start":{"line":14,"column":16},"end":{"line":14,"column":44}},"6":{"start":{"line":15,"column":6},"end":{"line":15,"column":38}},"7":{"start":{"line":17,"column":2},"end":{"line":28,"column":16}},"8":{"start":{"line":20,"column":77},"end":{"line":20,"column":85}}},"fnMap":{"0":{"name":"(anonymous_0)","decl":{"start":{"line":9,"column":17},"end":{"line":9,"column":18}},"loc":{"start":{"line":9,"column":22},"end":{"line":29,"column":1}},"line":9},"1":{"name":"(anonymous_1)","decl":{"start":{"line":13,"column":12},"end":{"line":13,"column":13}},"loc":{"start":{"line":13,"column":18},"end":{"line":16,"column":3}},"line":13},"2":{"name":"(anonymous_2)","decl":{"start":{"line":20,"column":71},"end":{"line":20,"column":72}},"loc":{"start":{"line":20,"column":77},"end":{"line":20,"column":85}},"line":20}},"branchMap":{"0":{"loc":{"start":{"line":19,"column":16},"end":{"line":26,"column":13}},"type":"cond-expr","locations":[{"start":{"line":20,"column":14},"end":{"line":20,"column":107}},{"start":{"line":22,"column":14},"end":{"line":25,"column":25}}],"line":19}},"s":{"0":3,"1":15,"2":15,"3":15,"4":15,"5":5,"6":5,"7":15,"8":0},"f":{"0":15,"1":5,"2":0},"b":{"0":[0,15]},"_coverageSchema":"1a1c01bbd47fc00a2c39e90264f33305004495a9","hash":"4a31b196b32440bf5c7184015f9b9e3f94df8734"}
,"C:\\Users\\manar\\MessagesApp\\Frontend\\src\\components\\Button\\index.js": {"path":"C:\\Users\\manar\\MessagesApp\\Frontend\\src\\components\\Button\\index.js","statementMap":{"0":{"start":{"line":4,"column":15},"end":{"line":8,"column":1}},"1":{"start":{"line":5,"column":4},"end":{"line":7,"column":10}},"2":{"start":{"line":6,"column":156},"end":{"line":6,"column":164}}},"fnMap":{"0":{"name":"(anonymous_0)","decl":{"start":{"line":4,"column":15},"end":{"line":4,"column":16}},"loc":{"start":{"line":5,"column":4},"end":{"line":7,"column":10}},"line":5},"1":{"name":"(anonymous_1)","decl":{"start":{"line":6,"column":149},"end":{"line":6,"column":150}},"loc":{"start":{"line":6,"column":156},"end":{"line":6,"column":164}},"line":6}},"branchMap":{"0":{"loc":{"start":{"line":6,"column":55},"end":{"line":6,"column":102}},"type":"cond-expr","locations":[{"start":{"line":6,"column":66},"end":{"line":6,"column":81}},{"start":{"line":6,"column":84},"end":{"line":6,"column":102}}],"line":6}},"s":{"0":9,"1":59,"2":1},"f":{"0":59,"1":1},"b":{"0":[58,1]},"_coverageSchema":"1a1c01bbd47fc00a2c39e90264f33305004495a9","hash":"c6b97eaff200a12ecf749f7ff2a91cb82c552bee"}
,"C:\\Users\\manar\\MessagesApp\\Frontend\\src\\components\\DiscussionForum\\index.js": {"path":"C:\\Users\\manar\\MessagesApp\\Frontend\\src\\components\\DiscussionForum\\index.js","statementMap":{"0":{"start":{"line":7,"column":24},"end":{"line":25,"column":9}},"1":{"start":{"line":8,"column":31},"end":{"line":8,"column":50}},"2":{"start":{"line":9,"column":4},"end":{"line":23,"column":6}}},"fnMap":{"0":{"name":"(anonymous_0)","decl":{"start":{"line":7,"column":24},"end":{"line":7,"column":25}},"loc":{"start":{"line":7,"column":30},"end":{"line":25,"column":9}},"line":7}},"branchMap":{"0":{"loc":{"start":{"line":19,"column":31},"end":{"line":19,"column":75}},"type":"binary-expr","locations":[{"start":{"line":19,"column":31},"end":{"line":19,"column":48}},{"start":{"line":19,"column":52},"end":{"line":19,"column":75}}],"line":19}},"s":{"0":8,"1":2,"2":2},"f":{"0":2},"b":{"0":[2,2]},"_coverageSchema":"1a1c01bbd47fc00a2c39e90264f33305004495a9","hash":"536256e67c61c44c67cae49e980ea3e44d7d7eb9"}
,"C:\\Users\\manar\\MessagesApp\\Frontend\\src\\components\\Header\\index.js": {"path":"C:\\Users\\manar\\MessagesApp\\Frontend\\src\\components\\Header\\index.js","statementMap":{"0":{"start":{"line":5,"column":15},"end":{"line":14,"column":1}},"1":{"start":{"line":6,"column":4},"end":{"line":13,"column":13}}},"fnMap":{"0":{"name":"(anonymous_0)","decl":{"start":{"line":5,"column":15},"end":{"line":5,"column":16}},"loc":{"start":{"line":6,"column":4},"end":{"line":13,"column":13}},"line":6}},"branchMap":{},"s":{"0":2,"1":2},"f":{"0":2},"b":{},"_coverageSchema":"1a1c01bbd47fc00a2c39e90264f33305004495a9","hash":"9f5e81bb607a01f5168831391fdf463cd2014bd1"}
,"C:\\Users\\manar\\MessagesApp\\Frontend\\src\\components\\Input\\index.js": {"path":"C:\\Users\\manar\\MessagesApp\\Frontend\\src\\components\\Input\\index.js","statementMap":{"0":{"start":{"line":4,"column":14},"end":{"line":8,"column":6}},"1":{"start":{"line":5,"column":0},"end":{"line":7,"column":14}},"2":{"start":{"line":6,"column":21},"end":{"line":6,"column":64}}},"fnMap":{"0":{"name":"(anonymous_0)","decl":{"start":{"line":4,"column":25},"end":{"line":4,"column":26}},"loc":{"start":{"line":4,"column":93},"end":{"line":8,"column":5}},"line":4},"1":{"name":"(anonymous_1)","decl":{"start":{"line":6,"column":11},"end":{"line":6,"column":12}},"loc":{"start":{"line":6,"column":20},"end":{"line":6,"column":66}},"line":6}},"branchMap":{"0":{"loc":{"start":{"line":5,"column":118},"end":{"line":5,"column":140}},"type":"binary-expr","locations":[{"start":{"line":5,"column":118},"end":{"line":5,"column":124}},{"start":{"line":5,"column":128},"end":{"line":5,"column":140}}],"line":5},"1":{"loc":{"start":{"line":5,"column":152},"end":{"line":5,"column":177}},"type":"binary-expr","locations":[{"start":{"line":5,"column":152},"end":{"line":5,"column":158}},{"start":{"line":5,"column":162},"end":{"line":5,"column":177}}],"line":5},"2":{"loc":{"start":{"line":6,"column":21},"end":{"line":6,"column":64}},"type":"cond-expr","locations":[{"start":{"line":6,"column":44},"end":{"line":6,"column":52}},{"start":{"line":6,"column":55},"end":{"line":6,"column":64}}],"line":6}},"s":{"0":9,"1":103,"2":2},"f":{"0":103,"1":2},"b":{"0":[103,100],"1":[103,100],"2":[1,1]},"_coverageSchema":"1a1c01bbd47fc00a2c39e90264f33305004495a9","hash":"5ee2783b5c6f776eaeac88eccbfe386b819d2410"}
,"C:\\Users\\manar\\MessagesApp\\Frontend\\src\\components\\Inscription\\index.js": {"path":"C:\\Users\\manar\\MessagesApp\\Frontend\\src\\components\\Inscription\\index.js","statementMap":{"0":{"start":{"line":8,"column":20},"end":{"line":53,"column":1}},"1":{"start":{"line":10,"column":16},"end":{"line":10,"column":32}},"2":{"start":{"line":11,"column":19},"end":{"line":11,"column":35}},"3":{"start":{"line":12,"column":20},"end":{"line":12,"column":36}},"4":{"start":{"line":13,"column":19},"end":{"line":13,"column":35}},"5":{"start":{"line":14,"column":23},"end":{"line":14,"column":31}},"6":{"start":{"line":15,"column":22},"end":{"line":15,"column":30}},"7":{"start":{"line":16,"column":22},"end":{"line":16,"column":30}},"8":{"start":{"line":17,"column":19},"end":{"line":17,"column":27}},"9":{"start":{"line":18,"column":56},"end":{"line":18,"column":225}},"10":{"start":{"line":20,"column":2},"end":{"line":52,"column":4}}},"fnMap":{"0":{"name":"(anonymous_0)","decl":{"start":{"line":8,"column":20},"end":{"line":8,"column":21}},"loc":{"start":{"line":8,"column":26},"end":{"line":53,"column":1}},"line":8}},"branchMap":{"0":{"loc":{"start":{"line":49,"column":7},"end":{"line":49,"column":74}},"type":"binary-expr","locations":[{"start":{"line":49,"column":7},"end":{"line":49,"column":12}},{"start":{"line":49,"column":16},"end":{"line":49,"column":74}}],"line":49},"1":{"loc":{"start":{"line":50,"column":21},"end":{"line":50,"column":55}},"type":"cond-expr","locations":[{"start":{"line":50,"column":31},"end":{"line":50,"column":43}},{"start":{"line":50,"column":46},"end":{"line":50,"column":55}}],"line":50},"2":{"loc":{"start":{"line":50,"column":83},"end":{"line":50,"column":112}},"type":"binary-expr","locations":[{"start":{"line":50,"column":83},"end":{"line":50,"column":90}},{"start":{"line":50,"column":94},"end":{"line":50,"column":112}}],"line":50}},"s":{"0":8,"1":2,"2":2,"3":2,"4":2,"5":2,"6":2,"7":2,"8":2,"9":2,"10":2},"f":{"0":2},"b":{"0":[2,0],"1":[0,2],"2":[2,2]},"_coverageSchema":"1a1c01bbd47fc00a2c39e90264f33305004495a9","hash":"725d3e99f12bce02732e67606b7ae869d43bc5fc"}
,"C:\\Users\\manar\\MessagesApp\\Frontend\\src\\components\\Login\\index.js": {"path":"C:\\Users\\manar\\MessagesApp\\Frontend\\src\\components\\Login\\index.js","statementMap":{"0":{"start":{"line":8,"column":14},"end":{"line":39,"column":1}},"1":{"start":{"line":9,"column":16},"end":{"line":9,"column":32}},"2":{"start":{"line":10,"column":19},"end":{"line":10,"column":35}},"3":{"start":{"line":11,"column":19},"end":{"line":11,"column":27}},"4":{"start":{"line":12,"column":22},"end":{"line":12,"column":30}},"5":{"start":{"line":13,"column":56},"end":{"line":13,"column":138}},"6":{"start":{"line":15,"column":2},"end":{"line":38,"column":4}}},"fnMap":{"0":{"name":"(anonymous_0)","decl":{"start":{"line":8,"column":14},"end":{"line":8,"column":15}},"loc":{"start":{"line":8,"column":20},"end":{"line":39,"column":1}},"line":8}},"branchMap":{"0":{"loc":{"start":{"line":35,"column":7},"end":{"line":35,"column":95}},"type":"binary-expr","locations":[{"start":{"line":35,"column":7},"end":{"line":35,"column":12}},{"start":{"line":35,"column":16},"end":{"line":35,"column":95}}],"line":35},"1":{"loc":{"start":{"line":36,"column":22},"end":{"line":36,"column":54}},"type":"cond-expr","locations":[{"start":{"line":36,"column":32},"end":{"line":36,"column":44}},{"start":{"line":36,"column":47},"end":{"line":36,"column":54}}],"line":36},"2":{"loc":{"start":{"line":36,"column":81},"end":{"line":36,"column":110}},"type":"binary-expr","locations":[{"start":{"line":36,"column":81},"end":{"line":36,"column":88}},{"start":{"line":36,"column":92},"end":{"line":36,"column":110}}],"line":36}},"s":{"0":8,"1":46,"2":46,"3":46,"4":46,"5":46,"6":46},"f":{"0":46},"b":{"0":[46,0],"1":[0,46],"2":[46,46]},"_coverageSchema":"1a1c01bbd47fc00a2c39e90264f33305004495a9","hash":"50b92d34dca07812d23942318dd96eb687af2c94"}
,"C:\\Users\\manar\\MessagesApp\\Frontend\\src\\components\\MessagesList\\index.js": {"path":"C:\\Users\\manar\\MessagesApp\\Frontend\\src\\components\\MessagesList\\index.js","statementMap":{"0":{"start":{"line":4,"column":21},"end":{"line":73,"column":6}},"1":{"start":{"line":7,"column":27},"end":{"line":7,"column":61}},"2":{"start":{"line":9,"column":4},"end":{"line":73,"column":5}},"3":{"start":{"line":15,"column":35},"end":{"line":15,"column":73}},"4":{"start":{"line":16,"column":16},"end":{"line":37,"column":17}},"5":{"start":{"line":45,"column":31},"end":{"line":45,"column":69}},"6":{"start":{"line":46,"column":16},"end":{"line":67,"column":17}}},"fnMap":{"0":{"name":"(anonymous_0)","decl":{"start":{"line":4,"column":21},"end":{"line":4,"column":22}},"loc":{"start":{"line":4,"column":88},"end":{"line":73,"column":6}},"line":4},"1":{"name":"(anonymous_1)","decl":{"start":{"line":14,"column":52},"end":{"line":14,"column":53}},"loc":{"start":{"line":14,"column":64},"end":{"line":38,"column":17}},"line":14},"2":{"name":"(anonymous_2)","decl":{"start":{"line":44,"column":50},"end":{"line":44,"column":51}},"loc":{"start":{"line":44,"column":62},"end":{"line":68,"column":17}},"line":44}},"branchMap":{"0":{"loc":{"start":{"line":7,"column":27},"end":{"line":7,"column":61}},"type":"binary-expr","locations":[{"start":{"line":7,"column":27},"end":{"line":7,"column":40}},{"start":{"line":7,"column":44},"end":{"line":7,"column":61}}],"line":7},"1":{"loc":{"start":{"line":14,"column":13},"end":{"line":38,"column":18}},"type":"binary-expr","locations":[{"start":{"line":14,"column":13},"end":{"line":14,"column":28}},{"start":{"line":14,"column":32},"end":{"line":38,"column":18}}],"line":14},"2":{"loc":{"start":{"line":15,"column":35},"end":{"line":15,"column":73}},"type":"binary-expr","locations":[{"start":{"line":15,"column":35},"end":{"line":15,"column":52}},{"start":{"line":15,"column":56},"end":{"line":15,"column":73}}],"line":15},"3":{"loc":{"start":{"line":17,"column":17},"end":{"line":36,"column":22}},"type":"cond-expr","locations":[{"start":{"line":18,"column":16},"end":{"line":26,"column":22}},{"start":{"line":28,"column":20},"end":{"line":36,"column":22}}],"line":17},"4":{"loc":{"start":{"line":17,"column":26},"end":{"line":17,"column":66}},"type":"binary-expr","locations":[{"start":{"line":17,"column":26},"end":{"line":17,"column":32}},{"start":{"line":17,"column":36},"end":{"line":17,"column":66}}],"line":17},"5":{"loc":{"start":{"line":31,"column":25},"end":{"line":31,"column":51}},"type":"binary-expr","locations":[{"start":{"line":31,"column":25},"end":{"line":31,"column":31}},{"start":{"line":31,"column":35},"end":{"line":31,"column":51}}],"line":31},"6":{"loc":{"start":{"line":44,"column":13},"end":{"line":68,"column":18}},"type":"binary-expr","locations":[{"start":{"line":44,"column":13},"end":{"line":44,"column":27}},{"start":{"line":44,"column":31},"end":{"line":68,"column":18}}],"line":44},"7":{"loc":{"start":{"line":45,"column":31},"end":{"line":45,"column":69}},"type":"binary-expr","locations":[{"start":{"line":45,"column":31},"end":{"line":45,"column":48}},{"start":{"line":45,"column":52},"end":{"line":45,"column":69}}],"line":45},"8":{"loc":{"start":{"line":47,"column":20},"end":{"line":66,"column":30}},"type":"cond-expr","locations":[{"start":{"line":48,"column":24},"end":{"line":56,"column":30}},{"start":{"line":58,"column":28},"end":{"line":66,"column":30}}],"line":47},"9":{"loc":{"start":{"line":47,"column":28},"end":{"line":47,"column":68}},"type":"binary-expr","locations":[{"start":{"line":47,"column":28},"end":{"line":47,"column":34}},{"start":{"line":47,"column":38},"end":{"line":47,"column":68}}],"line":47},"10":{"loc":{"start":{"line":61,"column":33},"end":{"line":61,"column":59}},"type":"binary-expr","locations":[{"start":{"line":61,"column":33},"end":{"line":61,"column":39}},{"start":{"line":61,"column":43},"end":{"line":61,"column":59}}],"line":61}},"s":{"0":8,"1":8,"2":8,"3":6,"4":6,"5":6,"6":6},"f":{"0":8,"1":6,"2":6},"b":{"0":[8,6],"1":[8,8],"2":[6,6],"3":[5,1],"4":[6,6],"5":[1,1],"6":[8,8],"7":[6,6],"8":[5,1],"9":[6,6],"10":[1,1]},"_coverageSchema":"1a1c01bbd47fc00a2c39e90264f33305004495a9","hash":"dfba396439d2ec2473e2d72756c23274b80c166c"}
,"C:\\Users\\manar\\MessagesApp\\Frontend\\src\\components\\ToggleButton\\index.js": {"path":"C:\\Users\\manar\\MessagesApp\\Frontend\\src\\components\\ToggleButton\\index.js","statementMap":{"0":{"start":{"line":4,"column":21},"end":{"line":10,"column":1}},"1":{"start":{"line":5,"column":4},"end":{"line":8,"column":10}}},"fnMap":{"0":{"name":"(anonymous_0)","decl":{"start":{"line":4,"column":21},"end":{"line":4,"column":22}},"loc":{"start":{"line":4,"column":46},"end":{"line":10,"column":1}},"line":4}},"branchMap":{},"s":{"0":9,"1":11},"f":{"0":11},"b":{},"_coverageSchema":"1a1c01bbd47fc00a2c39e90264f33305004495a9","hash":"e5c91c03e4ed6c8beb86e0fa05b4f14f9b955386"}
,"C:\\Users\\manar\\MessagesApp\\Frontend\\src\\hooks\\index.js": {"path":"C:\\Users\\manar\\MessagesApp\\Frontend\\src\\hooks\\index.js","statementMap":{"0":{"start":{"line":10,"column":14},"end":{"line":19,"column":1}}},"fnMap":{},"branchMap":{},"s":{"0":5},"f":{},"b":{},"_coverageSchema":"1a1c01bbd47fc00a2c39e90264f33305004495a9","hash":"a53f8ccccbd93d0dfb31c7f25897085680c8168d"}
,"C:\\Users\\manar\\MessagesApp\\Frontend\\src\\hooks\\useAddMessage.js": {"path":"C:\\Users\\manar\\MessagesApp\\Frontend\\src\\hooks\\useAddMessage.js","statementMap":{"0":{"start":{"line":3,"column":22},"end":{"line":39,"column":1}},"1":{"start":{"line":4,"column":28},"end":{"line":4,"column":42}},"2":{"start":{"line":5,"column":32},"end":{"line":5,"column":47}},"3":{"start":{"line":6,"column":38},"end":{"line":6,"column":53}},"4":{"start":{"line":8,"column":13},"end":{"line":8,"column":52}},"5":{"start":{"line":10,"column":16},"end":{"line":16,"column":1}},"6":{"start":{"line":17,"column":20},"end":{"line":31,"column":3}},"7":{"start":{"line":18,"column":6},"end":{"line":18,"column":23}},"8":{"start":{"line":19,"column":5},"end":{"line":30,"column":9}},"9":{"start":{"line":20,"column":6},"end":{"line":20,"column":21}},"10":{"start":{"line":21,"column":10},"end":{"line":21,"column":28}},"11":{"start":{"line":22,"column":10},"end":{"line":29,"column":11}},"12":{"start":{"line":23,"column":12},"end":{"line":23,"column":25}},"13":{"start":{"line":24,"column":11},"end":{"line":24,"column":97}},"14":{"start":{"line":24,"column":38},"end":{"line":24,"column":97}},"15":{"start":{"line":25,"column":10},"end":{"line":25,"column":96}},"16":{"start":{"line":25,"column":39},"end":{"line":25,"column":96}},"17":{"start":{"line":26,"column":12},"end":{"line":26,"column":27}},"18":{"start":{"line":28,"column":12},"end":{"line":28,"column":35}},"19":{"start":{"line":32,"column":2},"end":{"line":38,"column":3}}},"fnMap":{"0":{"name":"(anonymous_0)","decl":{"start":{"line":3,"column":22},"end":{"line":3,"column":23}},"loc":{"start":{"line":3,"column":145},"end":{"line":39,"column":1}},"line":3},"1":{"name":"(anonymous_1)","decl":{"start":{"line":17,"column":20},"end":{"line":17,"column":21}},"loc":{"start":{"line":17,"column":26},"end":{"line":31,"column":3}},"line":17},"2":{"name":"(anonymous_2)","decl":{"start":{"line":19,"column":30},"end":{"line":19,"column":31}},"loc":{"start":{"line":20,"column":6},"end":{"line":20,"column":21}},"line":20},"3":{"name":"(anonymous_3)","decl":{"start":{"line":20,"column":28},"end":{"line":20,"column":29}},"loc":{"start":{"line":20,"column":40},"end":{"line":30,"column":7}},"line":20}},"branchMap":{"0":{"loc":{"start":{"line":22,"column":10},"end":{"line":29,"column":11}},"type":"if","locations":[{"start":{"line":22,"column":10},"end":{"line":29,"column":11}},{"start":{"line":22,"column":10},"end":{"line":29,"column":11}}],"line":22},"1":{"loc":{"start":{"line":24,"column":11},"end":{"line":24,"column":97}},"type":"if","locations":[{"start":{"line":24,"column":11},"end":{"line":24,"column":97}},{"start":{"line":24,"column":11},"end":{"line":24,"column":97}}],"line":24},"2":{"loc":{"start":{"line":25,"column":10},"end":{"line":25,"column":96}},"type":"if","locations":[{"start":{"line":25,"column":10},"end":{"line":25,"column":96}},{"start":{"line":25,"column":10},"end":{"line":25,"column":96}}],"line":25}},"s":{"0":9,"1":12,"2":12,"3":12,"4":12,"5":12,"6":12,"7":3,"8":3,"9":3,"10":3,"11":3,"12":0,"13":0,"14":0,"15":0,"16":0,"17":0,"18":3,"19":12},"f":{"0":12,"1":3,"2":3,"3":3},"b":{"0":[0,3],"1":[0,0],"2":[0,0]},"_coverageSchema":"1a1c01bbd47fc00a2c39e90264f33305004495a9","hash":"50d9aad64c20eade72e25634957517db54cfbe05"}
,"C:\\Users\\manar\\MessagesApp\\Frontend\\src\\hooks\\useFindUser.js": {"path":"C:\\Users\\manar\\MessagesApp\\Frontend\\src\\hooks\\useFindUser.js","statementMap":{"0":{"start":{"line":3,"column":20},"end":{"line":23,"column":1}},"1":{"start":{"line":4,"column":26},"end":{"line":4,"column":38}},"2":{"start":{"line":5,"column":42},"end":{"line":5,"column":54}},"3":{"start":{"line":7,"column":23},"end":{"line":9,"column":3}},"4":{"start":{"line":8,"column":4},"end":{"line":8,"column":28}},"5":{"start":{"line":10,"column":2},"end":{"line":15,"column":11}},"6":{"start":{"line":11,"column":4},"end":{"line":11,"column":34}},"7":{"start":{"line":11,"column":14},"end":{"line":11,"column":34}},"8":{"start":{"line":12,"column":25},"end":{"line":12,"column":109}},"9":{"start":{"line":12,"column":50},"end":{"line":12,"column":108}},"10":{"start":{"line":13,"column":3},"end":{"line":13,"column":51}},"11":{"start":{"line":14,"column":3},"end":{"line":14,"column":33}},"12":{"start":{"line":16,"column":2},"end":{"line":22,"column":3}}},"fnMap":{"0":{"name":"(anonymous_0)","decl":{"start":{"line":3,"column":20},"end":{"line":3,"column":21}},"loc":{"start":{"line":3,"column":31},"end":{"line":23,"column":1}},"line":3},"1":{"name":"(anonymous_1)","decl":{"start":{"line":7,"column":23},"end":{"line":7,"column":24}},"loc":{"start":{"line":7,"column":28},"end":{"line":9,"column":3}},"line":7},"2":{"name":"(anonymous_2)","decl":{"start":{"line":10,"column":12},"end":{"line":10,"column":13}},"loc":{"start":{"line":10,"column":17},"end":{"line":15,"column":3}},"line":10},"3":{"name":"(anonymous_3)","decl":{"start":{"line":12,"column":45},"end":{"line":12,"column":46}},"loc":{"start":{"line":12,"column":50},"end":{"line":12,"column":108}},"line":12}},"branchMap":{"0":{"loc":{"start":{"line":11,"column":4},"end":{"line":11,"column":34}},"type":"if","locations":[{"start":{"line":11,"column":4},"end":{"line":11,"column":34}},{"start":{"line":11,"column":4},"end":{"line":11,"column":34}}],"line":11},"1":{"loc":{"start":{"line":12,"column":25},"end":{"line":12,"column":109}},"type":"binary-expr","locations":[{"start":{"line":12,"column":25},"end":{"line":12,"column":29}},{"start":{"line":12,"column":34},"end":{"line":12,"column":109}}],"line":12},"2":{"loc":{"start":{"line":13,"column":11},"end":{"line":13,"column":49}},"type":"binary-expr","locations":[{"start":{"line":13,"column":11},"end":{"line":13,"column":23}},{"start":{"line":13,"column":27},"end":{"line":13,"column":49}}],"line":13}},"s":{"0":9,"1":13,"2":13,"3":13,"4":1,"5":13,"6":2,"7":1,"8":2,"9":1,"10":2,"11":2,"12":13},"f":{"0":13,"1":1,"2":2,"3":1},"b":{"0":[1,1],"1":[2,1],"2":[2,1]},"_coverageSchema":"1a1c01bbd47fc00a2c39e90264f33305004495a9","hash":"6e36f289109f5f85085a629fa17ff89557d18168"}
,"C:\\Users\\manar\\MessagesApp\\Frontend\\src\\hooks\\useFormInput.js": {"path":"C:\\Users\\manar\\MessagesApp\\Frontend\\src\\hooks\\useFormInput.js","statementMap":{"0":{"start":{"line":3,"column":21},"end":{"line":14,"column":1}},"1":{"start":{"line":4,"column":28},"end":{"line":4,"column":50}},"2":{"start":{"line":6,"column":23},"end":{"line":8,"column":3}},"3":{"start":{"line":7,"column":4},"end":{"line":7,"column":29}},"4":{"start":{"line":9,"column":2},"end":{"line":13,"column":3}}},"fnMap":{"0":{"name":"(anonymous_0)","decl":{"start":{"line":3,"column":21},"end":{"line":3,"column":22}},"loc":{"start":{"line":3,"column":37},"end":{"line":14,"column":1}},"line":3},"1":{"name":"(anonymous_1)","decl":{"start":{"line":6,"column":23},"end":{"line":6,"column":24}},"loc":{"start":{"line":6,"column":28},"end":{"line":8,"column":3}},"line":6}},"branchMap":{},"s":{"0":8,"1":110,"2":110,"3":5,"4":110},"f":{"0":110,"1":5},"b":{},"_coverageSchema":"1a1c01bbd47fc00a2c39e90264f33305004495a9","hash":"ecf69786ac5db687a60ca16efed12ee716e24969"}
,"C:\\Users\\manar\\MessagesApp\\Frontend\\src\\hooks\\useFormValidation.js": {"path":"C:\\Users\\manar\\MessagesApp\\Frontend\\src\\hooks\\useFormValidation.js","statementMap":{"0":{"start":{"line":3,"column":26},"end":{"line":17,"column":1}},"1":{"start":{"line":4,"column":54},"end":{"line":4,"column":69}},"2":{"start":{"line":5,"column":4},"end":{"line":12,"column":24}},"3":{"start":{"line":6,"column":31},"end":{"line":10,"column":93}},"4":{"start":{"line":7,"column":8},"end":{"line":9,"column":9}},"5":{"start":{"line":8,"column":12},"end":{"line":8,"column":52}},"6":{"start":{"line":10,"column":45},"end":{"line":10,"column":71}},"7":{"start":{"line":11,"column":4},"end":{"line":11,"column":43}},"8":{"start":{"line":14,"column":4},"end":{"line":16,"column":13}}},"fnMap":{"0":{"name":"(anonymous_0)","decl":{"start":{"line":3,"column":26},"end":{"line":3,"column":27}},"loc":{"start":{"line":3,"column":58},"end":{"line":17,"column":1}},"line":3},"1":{"name":"(anonymous_1)","decl":{"start":{"line":5,"column":14},"end":{"line":5,"column":15}},"loc":{"start":{"line":5,"column":20},"end":{"line":12,"column":5}},"line":5},"2":{"name":"(anonymous_2)","decl":{"start":{"line":6,"column":45},"end":{"line":6,"column":46}},"loc":{"start":{"line":6,"column":59},"end":{"line":10,"column":5}},"line":6},"3":{"name":"(anonymous_3)","decl":{"start":{"line":10,"column":14},"end":{"line":10,"column":15}},"loc":{"start":{"line":10,"column":45},"end":{"line":10,"column":71}},"line":10}},"branchMap":{"0":{"loc":{"start":{"line":7,"column":8},"end":{"line":9,"column":9}},"type":"if","locations":[{"start":{"line":7,"column":8},"end":{"line":9,"column":9}},{"start":{"line":7,"column":8},"end":{"line":9,"column":9}}],"line":7},"1":{"loc":{"start":{"line":7,"column":11},"end":{"line":7,"column":39}},"type":"binary-expr","locations":[{"start":{"line":7,"column":11},"end":{"line":7,"column":19}},{"start":{"line":7,"column":23},"end":{"line":7,"column":39}}],"line":7}},"s":{"0":8,"1":48,"2":48,"3":2,"4":4,"5":4,"6":2,"7":2,"8":48},"f":{"0":48,"1":2,"2":4,"3":2},"b":{"0":[4,0],"1":[4,4]},"_coverageSchema":"1a1c01bbd47fc00a2c39e90264f33305004495a9","hash":"b783be66773ee563f8aaffa8bd7c481abd82f5f3"}
,"C:\\Users\\manar\\MessagesApp\\Frontend\\src\\hooks\\useInscription.js": {"path":"C:\\Users\\manar\\MessagesApp\\Frontend\\src\\hooks\\useInscription.js","statementMap":{"0":{"start":{"line":7,"column":23},"end":{"line":46,"column":1}},"1":{"start":{"line":8,"column":18},"end":{"line":8,"column":30}},"2":{"start":{"line":9,"column":38},"end":{"line":9,"column":66}},"3":{"start":{"line":10,"column":28},"end":{"line":10,"column":42}},"4":{"start":{"line":11,"column":32},"end":{"line":11,"column":47}},"5":{"start":{"line":12,"column":32},"end":{"line":12,"column":170}},"6":{"start":{"line":13,"column":14},"end":{"line":13,"column":48}},"7":{"start":{"line":15,"column":16},"end":{"line":21,"column":1}},"8":{"start":{"line":22,"column":17},"end":{"line":38,"column":3}},"9":{"start":{"line":23,"column":6},"end":{"line":23,"column":23}},"10":{"start":{"line":24,"column":6},"end":{"line":36,"column":9}},"11":{"start":{"line":25,"column":6},"end":{"line":25,"column":21}},"12":{"start":{"line":26,"column":10},"end":{"line":26,"column":28}},"13":{"start":{"line":27,"column":10},"end":{"line":35,"column":11}},"14":{"start":{"line":28,"column":12},"end":{"line":28,"column":41}},"15":{"start":{"line":29,"column":12},"end":{"line":29,"column":27}},"16":{"start":{"line":30,"column":12},"end":{"line":30,"column":72}},"17":{"start":{"line":31,"column":12},"end":{"line":31,"column":45}},"18":{"start":{"line":33,"column":12},"end":{"line":33,"column":32}},"19":{"start":{"line":34,"column":12},"end":{"line":34,"column":35}},"20":{"start":{"line":37,"column":5},"end":{"line":37,"column":25}},"21":{"start":{"line":39,"column":2},"end":{"line":45,"column":3}}},"fnMap":{"0":{"name":"(anonymous_0)","decl":{"start":{"line":7,"column":23},"end":{"line":7,"column":24}},"loc":{"start":{"line":7,"column":119},"end":{"line":46,"column":1}},"line":7},"1":{"name":"(anonymous_1)","decl":{"start":{"line":22,"column":17},"end":{"line":22,"column":18}},"loc":{"start":{"line":22,"column":23},"end":{"line":38,"column":3}},"line":22},"2":{"name":"(anonymous_2)","decl":{"start":{"line":24,"column":31},"end":{"line":24,"column":32}},"loc":{"start":{"line":25,"column":6},"end":{"line":25,"column":21}},"line":25},"3":{"name":"(anonymous_3)","decl":{"start":{"line":25,"column":28},"end":{"line":25,"column":29}},"loc":{"start":{"line":25,"column":40},"end":{"line":36,"column":7}},"line":25}},"branchMap":{"0":{"loc":{"start":{"line":27,"column":10},"end":{"line":35,"column":11}},"type":"if","locations":[{"start":{"line":27,"column":10},"end":{"line":35,"column":11}},{"start":{"line":27,"column":10},"end":{"line":35,"column":11}}],"line":27}},"s":{"0":8,"1":2,"2":2,"3":2,"4":2,"5":2,"6":2,"7":2,"8":2,"9":0,"10":0,"11":0,"12":0,"13":0,"14":0,"15":0,"16":0,"17":0,"18":0,"19":0,"20":0,"21":2},"f":{"0":2,"1":0,"2":0,"3":0},"b":{"0":[0,0]},"_coverageSchema":"1a1c01bbd47fc00a2c39e90264f33305004495a9","hash":"03fc046add810034ee02a731e245ed9ab4811340"}
,"C:\\Users\\manar\\MessagesApp\\Frontend\\src\\hooks\\useLogin.js": {"path":"C:\\Users\\manar\\MessagesApp\\Frontend\\src\\hooks\\useLogin.js","statementMap":{"0":{"start":{"line":8,"column":17},"end":{"line":48,"column":1}},"1":{"start":{"line":9,"column":18},"end":{"line":9,"column":30}},"2":{"start":{"line":10,"column":28},"end":{"line":10,"column":42}},"3":{"start":{"line":11,"column":32},"end":{"line":11,"column":47}},"4":{"start":{"line":12,"column":32},"end":{"line":12,"column":122}},"5":{"start":{"line":13,"column":38},"end":{"line":13,"column":66}},"6":{"start":{"line":15,"column":13},"end":{"line":15,"column":47}},"7":{"start":{"line":17,"column":16},"end":{"line":23,"column":1}},"8":{"start":{"line":24,"column":16},"end":{"line":40,"column":3}},"9":{"start":{"line":25,"column":6},"end":{"line":25,"column":23}},"10":{"start":{"line":26,"column":6},"end":{"line":38,"column":9}},"11":{"start":{"line":27,"column":6},"end":{"line":27,"column":21}},"12":{"start":{"line":28,"column":10},"end":{"line":28,"column":28}},"13":{"start":{"line":29,"column":10},"end":{"line":37,"column":11}},"14":{"start":{"line":30,"column":12},"end":{"line":30,"column":41}},"15":{"start":{"line":31,"column":12},"end":{"line":31,"column":27}},"16":{"start":{"line":32,"column":12},"end":{"line":32,"column":72}},"17":{"start":{"line":33,"column":12},"end":{"line":33,"column":30}},"18":{"start":{"line":35,"column":12},"end":{"line":35,"column":32}},"19":{"start":{"line":36,"column":12},"end":{"line":36,"column":35}},"20":{"start":{"line":39,"column":5},"end":{"line":39,"column":25}},"21":{"start":{"line":41,"column":2},"end":{"line":47,"column":3}}},"fnMap":{"0":{"name":"(anonymous_0)","decl":{"start":{"line":8,"column":17},"end":{"line":8,"column":18}},"loc":{"start":{"line":8,"column":65},"end":{"line":48,"column":1}},"line":8},"1":{"name":"(anonymous_1)","decl":{"start":{"line":24,"column":16},"end":{"line":24,"column":17}},"loc":{"start":{"line":24,"column":22},"end":{"line":40,"column":3}},"line":24},"2":{"name":"(anonymous_2)","decl":{"start":{"line":26,"column":31},"end":{"line":26,"column":32}},"loc":{"start":{"line":27,"column":6},"end":{"line":27,"column":21}},"line":27},"3":{"name":"(anonymous_3)","decl":{"start":{"line":27,"column":28},"end":{"line":27,"column":29}},"loc":{"start":{"line":27,"column":40},"end":{"line":38,"column":7}},"line":27}},"branchMap":{"0":{"loc":{"start":{"line":29,"column":10},"end":{"line":37,"column":11}},"type":"if","locations":[{"start":{"line":29,"column":10},"end":{"line":37,"column":11}},{"start":{"line":29,"column":10},"end":{"line":37,"column":11}}],"line":29}},"s":{"0":8,"1":46,"2":46,"3":46,"4":46,"5":46,"6":46,"7":46,"8":46,"9":0,"10":0,"11":0,"12":0,"13":0,"14":0,"15":0,"16":0,"17":0,"18":0,"19":0,"20":0,"21":46},"f":{"0":46,"1":0,"2":0,"3":0},"b":{"0":[0,0]},"_coverageSchema":"1a1c01bbd47fc00a2c39e90264f33305004495a9","hash":"dcd703066981f3ac49bee3fb436b2cb7624c1dbe"}
,"C:\\Users\\manar\\MessagesApp\\Frontend\\src\\hooks\\useLogout.js": {"path":"C:\\Users\\manar\\MessagesApp\\Frontend\\src\\hooks\\useLogout.js","statementMap":{"0":{"start":{"line":5,"column":18},"end":{"line":16,"column":1}},"1":{"start":{"line":6,"column":40},"end":{"line":6,"column":68}},"2":{"start":{"line":8,"column":19},"end":{"line":11,"column":5}},"3":{"start":{"line":9,"column":8},"end":{"line":9,"column":28}},"4":{"start":{"line":10,"column":8},"end":{"line":10,"column":28}},"5":{"start":{"line":12,"column":4},"end":{"line":15,"column":5}}},"fnMap":{"0":{"name":"(anonymous_0)","decl":{"start":{"line":5,"column":18},"end":{"line":5,"column":19}},"loc":{"start":{"line":5,"column":24},"end":{"line":16,"column":1}},"line":5},"1":{"name":"(anonymous_1)","decl":{"start":{"line":8,"column":19},"end":{"line":8,"column":20}},"loc":{"start":{"line":8,"column":25},"end":{"line":11,"column":5}},"line":8}},"branchMap":{},"s":{"0":5,"1":6,"2":6,"3":0,"4":0,"5":6},"f":{"0":6,"1":0},"b":{},"_coverageSchema":"1a1c01bbd47fc00a2c39e90264f33305004495a9","hash":"e900f34cf30307afc8a888b25d4affb94f338b01"}
,"C:\\Users\\manar\\MessagesApp\\Frontend\\src\\hooks\\useMessagesList.js": {"path":"C:\\Users\\manar\\MessagesApp\\Frontend\\src\\hooks\\useMessagesList.js","statementMap":{"0":{"start":{"line":5,"column":24},"end":{"line":70,"column":1}},"1":{"start":{"line":6,"column":28},"end":{"line":6,"column":42}},"2":{"start":{"line":7,"column":32},"end":{"line":7,"column":47}},"3":{"start":{"line":8,"column":46},"end":{"line":8,"column":58}},"4":{"start":{"line":9,"column":47},"end":{"line":9,"column":59}},"5":{"start":{"line":10,"column":28},"end":{"line":10,"column":43}},"6":{"start":{"line":11,"column":23},"end":{"line":11,"column":51}},"7":{"start":{"line":12,"column":13},"end":{"line":12,"column":54}},"8":{"start":{"line":13,"column":18},"end":{"line":13,"column":56}},"9":{"start":{"line":15,"column":16},"end":{"line":18,"column":1}},"10":{"start":{"line":19,"column":22},"end":{"line":34,"column":3}},"11":{"start":{"line":20,"column":6},"end":{"line":20,"column":23}},"12":{"start":{"line":21,"column":6},"end":{"line":33,"column":9}},"13":{"start":{"line":22,"column":6},"end":{"line":22,"column":21}},"14":{"start":{"line":23,"column":10},"end":{"line":23,"column":28}},"15":{"start":{"line":24,"column":10},"end":{"line":32,"column":11}},"16":{"start":{"line":25,"column":27},"end":{"line":25,"column":44}},"17":{"start":{"line":26,"column":12},"end":{"line":26,"column":136}},"18":{"start":{"line":26,"column":69},"end":{"line":26,"column":133}},"19":{"start":{"line":27,"column":12},"end":{"line":27,"column":229}},"20":{"start":{"line":27,"column":70},"end":{"line":27,"column":227}},"21":{"start":{"line":28,"column":12},"end":{"line":28,"column":27}},"22":{"start":{"line":30,"column":12},"end":{"line":30,"column":34}},"23":{"start":{"line":31,"column":12},"end":{"line":31,"column":35}},"24":{"start":{"line":35,"column":19},"end":{"line":48,"column":1}},"25":{"start":{"line":36,"column":4},"end":{"line":36,"column":21}},"26":{"start":{"line":37,"column":4},"end":{"line":47,"column":7}},"27":{"start":{"line":38,"column":4},"end":{"line":38,"column":19}},"28":{"start":{"line":39,"column":8},"end":{"line":39,"column":26}},"29":{"start":{"line":40,"column":8},"end":{"line":46,"column":9}},"30":{"start":{"line":41,"column":10},"end":{"line":41,"column":35}},"31":{"start":{"line":42,"column":10},"end":{"line":42,"column":25}},"32":{"start":{"line":44,"column":11},"end":{"line":44,"column":24}},"33":{"start":{"line":45,"column":10},"end":{"line":45,"column":33}},"34":{"start":{"line":49,"column":17},"end":{"line":51,"column":1}},"35":{"start":{"line":50,"column":0},"end":{"line":50,"column":66}},"36":{"start":{"line":50,"column":35},"end":{"line":50,"column":64}},"37":{"start":{"line":52,"column":0},"end":{"line":55,"column":5}},"38":{"start":{"line":53,"column":2},"end":{"line":53,"column":13}},"39":{"start":{"line":54,"column":2},"end":{"line":54,"column":16}},"40":{"start":{"line":57,"column":2},"end":{"line":69,"column":3}}},"fnMap":{"0":{"name":"(anonymous_0)","decl":{"start":{"line":5,"column":24},"end":{"line":5,"column":25}},"loc":{"start":{"line":5,"column":34},"end":{"line":70,"column":1}},"line":5},"1":{"name":"(anonymous_1)","decl":{"start":{"line":19,"column":22},"end":{"line":19,"column":23}},"loc":{"start":{"line":19,"column":28},"end":{"line":34,"column":3}},"line":19},"2":{"name":"(anonymous_2)","decl":{"start":{"line":21,"column":31},"end":{"line":21,"column":32}},"loc":{"start":{"line":22,"column":6},"end":{"line":22,"column":21}},"line":22},"3":{"name":"(anonymous_3)","decl":{"start":{"line":22,"column":28},"end":{"line":22,"column":29}},"loc":{"start":{"line":22,"column":40},"end":{"line":33,"column":7}},"line":22},"4":{"name":"(anonymous_4)","decl":{"start":{"line":26,"column":58},"end":{"line":26,"column":59}},"loc":{"start":{"line":26,"column":69},"end":{"line":26,"column":133}},"line":26},"5":{"name":"(anonymous_5)","decl":{"start":{"line":27,"column":59},"end":{"line":27,"column":60}},"loc":{"start":{"line":27,"column":70},"end":{"line":27,"column":227}},"line":27},"6":{"name":"(anonymous_6)","decl":{"start":{"line":35,"column":19},"end":{"line":35,"column":20}},"loc":{"start":{"line":35,"column":25},"end":{"line":48,"column":1}},"line":35},"7":{"name":"(anonymous_7)","decl":{"start":{"line":37,"column":34},"end":{"line":37,"column":35}},"loc":{"start":{"line":38,"column":4},"end":{"line":38,"column":19}},"line":38},"8":{"name":"(anonymous_8)","decl":{"start":{"line":38,"column":26},"end":{"line":38,"column":27}},"loc":{"start":{"line":38,"column":38},"end":{"line":47,"column":5}},"line":38},"9":{"name":"(anonymous_9)","decl":{"start":{"line":49,"column":17},"end":{"line":49,"column":18}},"loc":{"start":{"line":49,"column":30},"end":{"line":51,"column":1}},"line":49},"10":{"name":"(anonymous_10)","decl":{"start":{"line":50,"column":27},"end":{"line":50,"column":28}},"loc":{"start":{"line":50,"column":35},"end":{"line":50,"column":64}},"line":50},"11":{"name":"(anonymous_11)","decl":{"start":{"line":52,"column":10},"end":{"line":52,"column":11}},"loc":{"start":{"line":52,"column":15},"end":{"line":55,"column":1}},"line":52}},"branchMap":{"0":{"loc":{"start":{"line":24,"column":10},"end":{"line":32,"column":11}},"type":"if","locations":[{"start":{"line":24,"column":10},"end":{"line":32,"column":11}},{"start":{"line":24,"column":10},"end":{"line":32,"column":11}}],"line":24},"1":{"loc":{"start":{"line":26,"column":30},"end":{"line":26,"column":134}},"type":"binary-expr","locations":[{"start":{"line":26,"column":30},"end":{"line":26,"column":38}},{"start":{"line":26,"column":42},"end":{"line":26,"column":134}}],"line":26},"2":{"loc":{"start":{"line":26,"column":69},"end":{"line":26,"column":133}},"type":"binary-expr","locations":[{"start":{"line":26,"column":69},"end":{"line":26,"column":101}},{"start":{"line":26,"column":105},"end":{"line":26,"column":133}}],"line":26},"3":{"loc":{"start":{"line":27,"column":31},"end":{"line":27,"column":228}},"type":"binary-expr","locations":[{"start":{"line":27,"column":31},"end":{"line":27,"column":39}},{"start":{"line":27,"column":43},"end":{"line":27,"column":228}}],"line":27},"4":{"loc":{"start":{"line":27,"column":70},"end":{"line":27,"column":227}},"type":"binary-expr","locations":[{"start":{"line":27,"column":71},"end":{"line":27,"column":103}},{"start":{"line":27,"column":107},"end":{"line":27,"column":135}},{"start":{"line":27,"column":141},"end":{"line":27,"column":179}},{"start":{"line":27,"column":183},"end":{"line":27,"column":226}}],"line":27},"5":{"loc":{"start":{"line":40,"column":8},"end":{"line":46,"column":9}},"type":"if","locations":[{"start":{"line":40,"column":8},"end":{"line":46,"column":9}},{"start":{"line":40,"column":8},"end":{"line":46,"column":9}}],"line":40},"6":{"loc":{"start":{"line":50,"column":7},"end":{"line":50,"column":65}},"type":"binary-expr","locations":[{"start":{"line":50,"column":7},"end":{"line":50,"column":12}},{"start":{"line":50,"column":16},"end":{"line":50,"column":65}}],"line":50}},"s":{"0":8,"1":2,"2":2,"3":2,"4":2,"5":2,"6":2,"7":2,"8":2,"9":2,"10":2,"11":0,"12":0,"13":0,"14":0,"15":0,"16":0,"17":0,"18":0,"19":0,"20":0,"21":0,"22":0,"23":0,"24":2,"25":0,"26":0,"27":0,"28":0,"29":0,"30":0,"31":0,"32":0,"33":0,"34":2,"35":0,"36":0,"37":2,"38":0,"39":0,"40":2},"f":{"0":2,"1":0,"2":0,"3":0,"4":0,"5":0,"6":0,"7":0,"8":0,"9":0,"10":0,"11":0},"b":{"0":[0,0],"1":[0,0],"2":[0,0],"3":[0,0],"4":[0,0,0,0],"5":[0,0],"6":[0,0]},"_coverageSchema":"1a1c01bbd47fc00a2c39e90264f33305004495a9","hash":"cd5dbf3863829b1182f53cd749355cf0e3decada"}
,"C:\\Users\\manar\\MessagesApp\\Frontend\\src\\public\\greenCheckMark.png": {"path":"C:\\Users\\manar\\MessagesApp\\Frontend\\src\\public\\greenCheckMark.png","statementMap":{"0":{"start":{"line":1,"column":0},"end":{"line":1,"column":38}}},"fnMap":{},"branchMap":{},"s":{"0":8},"f":{},"b":{},"inputSourceMap":null,"_coverageSchema":"1a1c01bbd47fc00a2c39e90264f33305004495a9","hash":"2b324fdeace09d29c8e2580dc9942faebb13ad14"}
,"C:\\Users\\manar\\MessagesApp\\Frontend\\src\\routes\\index.js": {"path":"C:\\Users\\manar\\MessagesApp\\Frontend\\src\\routes\\index.js","statementMap":{"0":{"start":{"line":9,"column":15},"end":{"line":19,"column":1}},"1":{"start":{"line":10,"column":26},"end":{"line":10,"column":51}},"2":{"start":{"line":11,"column":4},"end":{"line":18,"column":5}}},"fnMap":{"0":{"name":"(anonymous_0)","decl":{"start":{"line":9,"column":15},"end":{"line":9,"column":16}},"loc":{"start":{"line":9,"column":21},"end":{"line":19,"column":1}},"line":9}},"branchMap":{"0":{"loc":{"start":{"line":14,"column":16},"end":{"line":14,"column":88}},"type":"binary-expr","locations":[{"start":{"line":14,"column":16},"end":{"line":14,"column":30}},{"start":{"line":14,"column":35},"end":{"line":14,"column":88}}],"line":14},"1":{"loc":{"start":{"line":15,"column":17},"end":{"line":15,"column":71}},"type":"binary-expr","locations":[{"start":{"line":15,"column":17},"end":{"line":15,"column":31}},{"start":{"line":15,"column":35},"end":{"line":15,"column":71}}],"line":15},"2":{"loc":{"start":{"line":16,"column":17},"end":{"line":16,"column":81}},"type":"binary-expr","locations":[{"start":{"line":16,"column":17},"end":{"line":16,"column":30}},{"start":{"line":16,"column":35},"end":{"line":16,"column":81}}],"line":16}},"s":{"0":8,"1":42,"2":42},"f":{"0":42},"b":{"0":[42,42],"1":[42,42],"2":[42,0]},"_coverageSchema":"1a1c01bbd47fc00a2c39e90264f33305004495a9","hash":"51d6012a6404ef7bf803783eae9ecbd01289b4f7"}
,"C:\\Users\\manar\\MessagesApp\\Frontend\\src\\store\\selectors.js": {"path":"C:\\Users\\manar\\MessagesApp\\Frontend\\src\\store\\selectors.js","statementMap":{"0":{"start":{"line":4,"column":25},"end":{"line":10,"column":4}},"1":{"start":{"line":7,"column":32},"end":{"line":7,"column":49}},"2":{"start":{"line":8,"column":6},"end":{"line":8,"column":31}}},"fnMap":{"0":{"name":"(anonymous_0)","decl":{"start":{"line":6,"column":9},"end":{"line":6,"column":10}},"loc":{"start":{"line":6,"column":20},"end":{"line":9,"column":5}},"line":6}},"branchMap":{},"s":{"0":8,"1":19,"2":19},"f":{"0":19},"b":{},"_coverageSchema":"1a1c01bbd47fc00a2c39e90264f33305004495a9","hash":"2a028ce6de7b48fc9e5118f3ddea884b9a51a538"}
,"C:\\Users\\manar\\MessagesApp\\Frontend\\src\\store\\state.js": {"path":"C:\\Users\\manar\\MessagesApp\\Frontend\\src\\store\\state.js","statementMap":{"0":{"start":{"line":3,"column":28},"end":{"line":6,"column":4}}},"fnMap":{},"branchMap":{},"s":{"0":8},"f":{},"b":{},"_coverageSchema":"1a1c01bbd47fc00a2c39e90264f33305004495a9","hash":"0219dfa8b9080d18b1cc321cc1bbf7ad690b232c"}
,"C:\\Users\\manar\\MessagesApp\\Frontend\\src\\test-utils\\test-utis.jsx": {"path":"C:\\Users\\manar\\MessagesApp\\Frontend\\src\\test-utils\\test-utis.jsx","statementMap":{"0":{"start":{"line":8,"column":21},"end":{"line":15,"column":5}},"1":{"start":{"line":8,"column":35},"end":{"line":15,"column":5}}},"fnMap":{"0":{"name":"(anonymous_0)","decl":{"start":{"line":8,"column":21},"end":{"line":8,"column":22}},"loc":{"start":{"line":8,"column":35},"end":{"line":15,"column":5}},"line":8}},"branchMap":{},"s":{"0":7,"1":18},"f":{"0":18},"b":{},"_coverageSchema":"1a1c01bbd47fc00a2c39e90264f33305004495a9","hash":"f1f1727430d7a486a8ba64eefd1ac73f98fad4ef"}
}
