TN:
SF:src\app\index.js
FN:8,(anonymous_0)
FNF:1
FNH:1
FNDA:1,(anonymous_0)
DA:8,1
DA:9,1
LF:2
LH:2
BRF:0
BRH:0
end_of_record
TN:
SF:src\components\AddMessage\index.js
FN:13,(anonymous_0)
FN:37,(anonymous_1)
FN:43,(anonymous_2)
FNF:3
FNH:2
FNDA:10,(anonymous_0)
FNDA:1,(anonymous_1)
FNDA:0,(anonymous_2)
DA:13,8
DA:14,10
DA:15,10
DA:16,10
DA:17,10
DA:18,10
DA:19,10
DA:30,10
DA:37,1
DA:43,0
DA:44,0
LF:11
LH:9
BRDA:23,0,0,10
BRDA:23,0,1,10
BRDA:23,0,2,0
BRDA:24,1,0,10
BRDA:24,1,1,0
BRDA:37,2,0,1
BRDA:37,2,1,0
BRDA:39,3,0,0
BRDA:39,3,1,10
BRDA:40,4,0,0
BRDA:40,4,1,10
BRDA:40,5,0,10
BRDA:40,5,1,10
BRDA:40,5,2,0
BRDA:40,5,3,0
BRDA:43,6,0,0
BRDA:43,6,1,0
BRDA:47,7,0,10
BRDA:47,7,1,0
BRDA:50,8,0,0
BRDA:50,8,1,0
BRF:21
BRH:9
end_of_record
TN:
SF:src\components\AuthMenu\index.js
FN:9,(anonymous_0)
FN:13,(anonymous_1)
FN:20,(anonymous_2)
FNF:3
FNH:2
FNDA:15,(anonymous_0)
FNDA:5,(anonymous_1)
FNDA:0,(anonymous_2)
DA:9,3
DA:10,15
DA:11,15
DA:12,15
DA:13,15
DA:14,5
DA:15,5
DA:17,15
DA:20,0
LF:9
LH:8
BRDA:19,0,0,0
BRDA:19,0,1,15
BRF:2
BRH:1
end_of_record
TN:
SF:src\components\Button\index.js
FN:4,(anonymous_0)
FN:6,(anonymous_1)
FNF:2
FNH:2
FNDA:59,(anonymous_0)
FNDA:1,(anonymous_1)
DA:4,9
DA:5,59
DA:6,1
LF:3
LH:3
BRDA:6,0,0,58
BRDA:6,0,1,1
BRF:2
BRH:2
end_of_record
TN:
SF:src\components\DiscussionForum\index.js
FN:7,(anonymous_0)
FNF:1
FNH:1
FNDA:2,(anonymous_0)
DA:7,8
DA:8,2
DA:9,2
LF:3
LH:3
BRDA:19,0,0,2
BRDA:19,0,1,2
BRF:2
BRH:2
end_of_record
TN:
SF:src\components\Header\index.js
FN:5,(anonymous_0)
FNF:1
FNH:1
FNDA:2,(anonymous_0)
DA:5,2
DA:6,2
LF:2
LH:2
BRF:0
BRH:0
end_of_record
TN:
SF:src\components\Input\index.js
FN:4,(anonymous_0)
FN:6,(anonymous_1)
FNF:2
FNH:2
FNDA:103,(anonymous_0)
FNDA:2,(anonymous_1)
DA:4,9
DA:5,103
DA:6,2
LF:3
LH:3
BRDA:5,0,0,103
BRDA:5,0,1,100
BRDA:5,1,0,103
BRDA:5,1,1,100
BRDA:6,2,0,1
BRDA:6,2,1,1
BRF:6
BRH:6
end_of_record
TN:
SF:src\components\Inscription\index.js
FN:8,(anonymous_0)
FNF:1
FNH:1
FNDA:2,(anonymous_0)
DA:8,8
DA:10,2
DA:11,2
DA:12,2
DA:13,2
DA:14,2
DA:15,2
DA:16,2
DA:17,2
DA:18,2
DA:20,2
LF:11
LH:11
BRDA:49,0,0,2
BRDA:49,0,1,0
BRDA:50,1,0,0
BRDA:50,1,1,2
BRDA:50,2,0,2
BRDA:50,2,1,2
BRF:6
BRH:4
end_of_record
TN:
SF:src\components\Login\index.js
FN:8,(anonymous_0)
FNF:1
FNH:1
FNDA:46,(anonymous_0)
DA:8,8
DA:9,46
DA:10,46
DA:11,46
DA:12,46
DA:13,46
DA:15,46
LF:7
LH:7
BRDA:35,0,0,46
BRDA:35,0,1,0
BRDA:36,1,0,0
BRDA:36,1,1,46
BRDA:36,2,0,46
BRDA:36,2,1,46
BRF:6
BRH:4
end_of_record
TN:
SF:src\components\MessagesList\index.js
FN:4,(anonymous_0)
FN:14,(anonymous_1)
FN:44,(anonymous_2)
FNF:3
FNH:3
FNDA:8,(anonymous_0)
FNDA:6,(anonymous_1)
FNDA:6,(anonymous_2)
DA:4,8
DA:7,8
DA:9,8
DA:15,6
DA:16,6
DA:45,6
DA:46,6
LF:7
LH:7
BRDA:7,0,0,8
BRDA:7,0,1,6
BRDA:14,1,0,8
BRDA:14,1,1,8
BRDA:15,2,0,6
BRDA:15,2,1,6
BRDA:17,3,0,5
BRDA:17,3,1,1
BRDA:17,4,0,6
BRDA:17,4,1,6
BRDA:31,5,0,1
BRDA:31,5,1,1
BRDA:44,6,0,8
BRDA:44,6,1,8
BRDA:45,7,0,6
BRDA:45,7,1,6
BRDA:47,8,0,5
BRDA:47,8,1,1
BRDA:47,9,0,6
BRDA:47,9,1,6
BRDA:61,10,0,1
BRDA:61,10,1,1
BRF:22
BRH:22
end_of_record
TN:
SF:src\components\ToggleButton\index.js
FN:4,(anonymous_0)
FNF:1
FNH:1
FNDA:11,(anonymous_0)
DA:4,9
DA:5,11
LF:2
LH:2
BRF:0
BRH:0
end_of_record
TN:
SF:src\hooks\index.js
FNF:0
FNH:0
DA:10,5
LF:1
LH:1
BRF:0
BRH:0
end_of_record
TN:
SF:src\hooks\useAddMessage.js
FN:3,(anonymous_0)
FN:17,(anonymous_1)
FN:19,(anonymous_2)
FN:20,(anonymous_3)
FNF:4
FNH:4
FNDA:12,(anonymous_0)
FNDA:3,(anonymous_1)
FNDA:3,(anonymous_2)
FNDA:3,(anonymous_3)
DA:3,9
DA:4,12
DA:5,12
DA:6,12
DA:8,12
DA:10,12
DA:17,12
DA:18,3
DA:19,3
DA:20,3
DA:21,3
DA:22,3
DA:23,0
DA:24,0
DA:25,0
DA:26,0
DA:28,3
DA:32,12
LF:18
LH:14
BRDA:22,0,0,0
BRDA:22,0,1,3
BRDA:24,1,0,0
BRDA:24,1,1,0
BRDA:25,2,0,0
BRDA:25,2,1,0
BRF:6
BRH:1
end_of_record
TN:
SF:src\hooks\useFindUser.js
FN:3,(anonymous_0)
FN:7,(anonymous_1)
FN:10,(anonymous_2)
FN:12,(anonymous_3)
FNF:4
FNH:4
FNDA:13,(anonymous_0)
FNDA:1,(anonymous_1)
FNDA:2,(anonymous_2)
FNDA:1,(anonymous_3)
DA:3,9
DA:4,13
DA:5,13
DA:7,13
DA:8,1
DA:10,13
DA:11,2
DA:12,2
DA:13,2
DA:14,2
DA:16,13
LF:11
LH:11
BRDA:11,0,0,1
BRDA:11,0,1,1
BRDA:12,1,0,2
BRDA:12,1,1,1
BRDA:13,2,0,2
BRDA:13,2,1,1
BRF:6
BRH:6
end_of_record
TN:
SF:src\hooks\useFormInput.js
FN:3,(anonymous_0)
FN:6,(anonymous_1)
FNF:2
FNH:2
FNDA:110,(anonymous_0)
FNDA:5,(anonymous_1)
DA:3,8
DA:4,110
DA:6,110
DA:7,5
DA:9,110
LF:5
LH:5
BRF:0
BRH:0
end_of_record
TN:
SF:src\hooks\useFormValidation.js
FN:3,(anonymous_0)
FN:5,(anonymous_1)
FN:6,(anonymous_2)
FN:10,(anonymous_3)
FNF:4
FNH:4
FNDA:48,(anonymous_0)
FNDA:2,(anonymous_1)
FNDA:4,(anonymous_2)
FNDA:2,(anonymous_3)
DA:3,8
DA:4,48
DA:5,48
DA:6,2
DA:7,4
DA:8,4
DA:10,2
DA:11,2
DA:14,48
LF:9
LH:9
BRDA:7,0,0,4
BRDA:7,0,1,0
BRDA:7,1,0,4
BRDA:7,1,1,4
BRF:4
BRH:3
end_of_record
TN:
SF:src\hooks\useInscription.js
FN:7,(anonymous_0)
FN:22,(anonymous_1)
FN:24,(anonymous_2)
FN:25,(anonymous_3)
FNF:4
FNH:1
FNDA:2,(anonymous_0)
FNDA:0,(anonymous_1)
FNDA:0,(anonymous_2)
FNDA:0,(anonymous_3)
DA:7,8
DA:8,2
DA:9,2
DA:10,2
DA:11,2
DA:12,2
DA:13,2
DA:15,2
DA:22,2
DA:23,0
DA:24,0
DA:25,0
DA:26,0
DA:27,0
DA:28,0
DA:29,0
DA:30,0
DA:31,0
DA:33,0
DA:34,0
DA:37,0
DA:39,2
LF:22
LH:10
BRDA:27,0,0,0
BRDA:27,0,1,0
BRF:2
BRH:0
end_of_record
TN:
SF:src\hooks\useLogin.js
FN:8,(anonymous_0)
FN:24,(anonymous_1)
FN:26,(anonymous_2)
FN:27,(anonymous_3)
FNF:4
FNH:1
FNDA:46,(anonymous_0)
FNDA:0,(anonymous_1)
FNDA:0,(anonymous_2)
FNDA:0,(anonymous_3)
DA:8,8
DA:9,46
DA:10,46
DA:11,46
DA:12,46
DA:13,46
DA:15,46
DA:17,46
DA:24,46
DA:25,0
DA:26,0
DA:27,0
DA:28,0
DA:29,0
DA:30,0
DA:31,0
DA:32,0
DA:33,0
DA:35,0
DA:36,0
DA:39,0
DA:41,46
LF:22
LH:10
BRDA:29,0,0,0
BRDA:29,0,1,0
BRF:2
BRH:0
end_of_record
TN:
SF:src\hooks\useLogout.js
FN:5,(anonymous_0)
FN:8,(anonymous_1)
FNF:2
FNH:1
FNDA:6,(anonymous_0)
FNDA:0,(anonymous_1)
DA:5,5
DA:6,6
DA:8,6
DA:9,0
DA:10,0
DA:12,6
LF:6
LH:4
BRF:0
BRH:0
end_of_record
TN:
SF:src\hooks\useMessagesList.js
FN:5,(anonymous_0)
FN:19,(anonymous_1)
FN:21,(anonymous_2)
FN:22,(anonymous_3)
FN:26,(anonymous_4)
FN:27,(anonymous_5)
FN:35,(anonymous_6)
FN:37,(anonymous_7)
FN:38,(anonymous_8)
FN:49,(anonymous_9)
FN:50,(anonymous_10)
FN:52,(anonymous_11)
FNF:12
FNH:1
FNDA:2,(anonymous_0)
FNDA:0,(anonymous_1)
FNDA:0,(anonymous_2)
FNDA:0,(anonymous_3)
FNDA:0,(anonymous_4)
FNDA:0,(anonymous_5)
FNDA:0,(anonymous_6)
FNDA:0,(anonymous_7)
FNDA:0,(anonymous_8)
FNDA:0,(anonymous_9)
FNDA:0,(anonymous_10)
FNDA:0,(anonymous_11)
DA:5,8
DA:6,2
DA:7,2
DA:8,2
DA:9,2
DA:10,2
DA:11,2
DA:12,2
DA:13,2
DA:15,2
DA:19,2
DA:20,0
DA:21,0
DA:22,0
DA:23,0
DA:24,0
DA:25,0
DA:26,0
DA:27,0
DA:28,0
DA:30,0
DA:31,0
DA:35,2
DA:36,0
DA:37,0
DA:38,0
DA:39,0
DA:40,0
DA:41,0
DA:42,0
DA:44,0
DA:45,0
DA:49,2
DA:50,0
DA:52,2
DA:53,0
DA:54,0
DA:57,2
LF:38
LH:15
BRDA:24,0,0,0
BRDA:24,0,1,0
BRDA:26,1,0,0
BRDA:26,1,1,0
BRDA:26,2,0,0
BRDA:26,2,1,0
BRDA:27,3,0,0
BRDA:27,3,1,0
BRDA:27,4,0,0
BRDA:27,4,1,0
BRDA:27,4,2,0
BRDA:27,4,3,0
BRDA:40,5,0,0
BRDA:40,5,1,0
BRDA:50,6,0,0
BRDA:50,6,1,0
BRF:16
BRH:0
end_of_record
TN:
SF:src\public\greenCheckMark.png
FNF:0
FNH:0
DA:1,8
LF:1
LH:1
BRF:0
BRH:0
end_of_record
TN:
SF:src\routes\index.js
FN:9,(anonymous_0)
FNF:1
FNH:1
FNDA:42,(anonymous_0)
DA:9,8
DA:10,42
DA:11,42
LF:3
LH:3
BRDA:14,0,0,42
BRDA:14,0,1,42
BRDA:15,1,0,42
BRDA:15,1,1,42
BRDA:16,2,0,42
BRDA:16,2,1,0
BRF:6
BRH:5
end_of_record
TN:
SF:src\store\selectors.js
FN:6,(anonymous_0)
FNF:1
FNH:1
FNDA:19,(anonymous_0)
DA:4,8
DA:7,19
DA:8,19
LF:3
LH:3
BRF:0
BRH:0
end_of_record
TN:
SF:src\store\state.js
FNF:0
FNH:0
DA:3,8
LF:1
LH:1
BRF:0
BRH:0
end_of_record
TN:
SF:src\test-utils\test-utis.jsx
FN:8,(anonymous_0)
FNF:1
FNH:1
FNDA:18,(anonymous_0)
DA:8,18
LF:1
LH:1
BRF:0
BRH:0
end_of_record
